* using log directory 'C:/Users/swarn/Documents/R Projects/bnns/bnns.Rcheck'
* using R version 4.6.0 (2026-04-24 ucrt)
* using platform: x86_64-w64-mingw32
* R was compiled by
    gcc.exe (GCC) 14.3.0
    GNU Fortran (GCC) 14.3.0
* running under: Windows 11 x64 (build 26200)
* using session charset: UTF-8
* current time: 2026-06-07 18:01:17 UTC
* using option '--as-cran'
* checking for file 'bnns/DESCRIPTION' ... OK
* this is package 'bnns' version '1.0.0'
* package encoding: UTF-8
* checking CRAN incoming feasibility ... [16s] OK
* checking package namespace information ... OK
* checking package dependencies ... INFO
Packages suggested but not available for checking: 'bayesplot', 'covr'

Packages in Depends/Imports which should probably only be in LinkingTo:
  'BH' 'RcppEigen'
* checking if this is a source package ... OK
* checking if there is a namespace ... OK
* checking for executable files ... OK
* checking for hidden files and directories ... OK
* checking for portable file names ... OK
* checking whether package 'bnns' can be installed ... OK
* checking installed package size ... OK
* checking package directory ... OK
* checking for future file timestamps ... OK
* checking 'build' directory ... OK
* checking DESCRIPTION meta-information ... OK
* checking top-level files ... NOTE
Files 'README.md' or 'NEWS.md' cannot be checked without 'pandoc' being installed.
* checking for left-over files ... OK
* checking index information ... OK
* checking package subdirectories ... OK
* checking code files for non-ASCII characters ... OK
* checking R files for syntax errors ... OK
* checking whether the package can be loaded ... OK
* checking whether the package can be loaded with stated dependencies ... OK
* checking whether the package can be unloaded cleanly ... OK
* checking whether the namespace can be loaded with stated dependencies ... OK
* checking whether the namespace can be unloaded cleanly ... OK
* checking whether startup messages can be suppressed ... OK
* checking use of S3 registration ... OK
* checking dependencies in R code ... OK
* checking S3 generic/method consistency ... OK
* checking replacement functions ... OK
* checking foreign function calls ... OK
* checking R code for possible problems ... OK
* checking Rd files ... OK
* checking Rd metadata ... OK
* checking Rd line widths ... OK
* checking Rd cross-references ... INFO
Package unavailable to check Rd xrefs: 'bayesplot'
* checking for missing documentation entries ... OK
* checking for code/documentation mismatches ... OK
* checking Rd \usage sections ... OK
* checking Rd contents ... OK
* checking for unstated dependencies in examples ... OK
* checking installed files from 'inst/doc' ... OK
* checking files in 'vignettes' ... OK
* checking examples ... OK
* checking examples with --run-donttest ... [63s] OK
* checking for unstated dependencies in 'tests' ... OK
* checking tests ... OK
  Running 'testthat.R'
* checking for unstated dependencies in vignettes ... OK
* checking package vignettes ... OK
* checking re-building of vignette outputs ... OK
* checking PDF version of manual ... WARNING
LaTeX errors when creating PDF version.
This typically indicates Rd problems.
* checking PDF version of manual without index ... ERROR
Re-running with no redirection of stdout/stderr.
* checking HTML version of manual ... NOTE
Skipping checking math rendering: package 'V8' unavailable
* checking for non-standard things in the check directory ... NOTE
Found the following files/directories:
  'bnns-manual.tex'
* checking for detritus in the temp directory ... OK
* DONE
Status: 1 ERROR, 1 WARNING, 3 NOTEs
